2018-11-14T02:46:29.629Z - info: Environment variables loaded.
2018-11-14T02:46:29.692Z - error: uncaughtException: ENOENT: no such file or directory, stat 'C:\Users\S533573\Documents\44-563\supersales\public\images\favicon.ico' date=Tue Nov 13 2018 20:46:29 GMT-0600 (Central Standard Time), pid=74084, uid=null, gid=null, cwd=C:\Users\S533573\Documents\44-563\supersales, execPath=C:\Program Files\nodejs\node.exe, version=v8.12.0, argv=[C:\Program Files\nodejs\node.exe, C:\Users\S533573\Documents\44-563\supersales\app.js], rss=54444032, heapTotal=38699008, heapUsed=22447576, external=18483576, loadavg=[0, 0, 0], uptime=372823.1667968
Error: ENOENT: no such file or directory, stat 'C:\Users\S533573\Documents\44-563\supersales\public\images\favicon.ico'
    at Object.fs.statSync (fs.js:948:11)
    at resolveSync (C:\Users\S533573\Documents\44-563\supersales\node_modules\serve-favicon\index.js:172:17)
    at favicon (C:\Users\S533573\Documents\44-563\supersales\node_modules\serve-favicon\index.js:61:12)
    at Object.<anonymous> (C:\Users\S533573\Documents\44-563\supersales\app.js:49:9)
    at Module._compile (module.js:653:30)
    at Object.Module._extensions..js (module.js:664:10)
    at Module.load (module.js:566:32)
    at tryModuleLoad (module.js:506:12)
    at Function.Module._load (module.js:498:3)
    at Function.Module.runMain (module.js:694:10)
    at startup (bootstrap_node.js:204:16)
    at bootstrap_node.js:625:3
2018-11-14T02:52:59.577Z - info: Environment variables loaded.
2018-11-14T02:52:59.620Z - error: uncaughtException: ENOENT: no such file or directory, stat 'C:\Users\S533573\Documents\44-563\supersales\public\images\favicon.ico' date=Tue Nov 13 2018 20:52:59 GMT-0600 (Central Standard Time), pid=65000, uid=null, gid=null, cwd=C:\Users\S533573\Documents\44-563\supersales, execPath=C:\Program Files\nodejs\node.exe, version=v8.12.0, argv=[C:\Program Files\nodejs\node.exe, C:\Users\S533573\Documents\44-563\supersales\app.js], rss=54165504, heapTotal=37650432, heapUsed=22721744, external=18501252, loadavg=[0, 0, 0], uptime=373213.1094808
Error: ENOENT: no such file or directory, stat 'C:\Users\S533573\Documents\44-563\supersales\public\images\favicon.ico'
    at Object.fs.statSync (fs.js:948:11)
    at resolveSync (C:\Users\S533573\Documents\44-563\supersales\node_modules\serve-favicon\index.js:172:17)
    at favicon (C:\Users\S533573\Documents\44-563\supersales\node_modules\serve-favicon\index.js:61:12)
    at Object.<anonymous> (C:\Users\S533573\Documents\44-563\supersales\app.js:49:9)
    at Module._compile (module.js:653:30)
    at Object.Module._extensions..js (module.js:664:10)
    at Module.load (module.js:566:32)
    at tryModuleLoad (module.js:506:12)
    at Function.Module._load (module.js:498:3)
    at Function.Module.runMain (module.js:694:10)
    at startup (bootstrap_node.js:204:16)
    at bootstrap_node.js:625:3
2018-11-14T02:54:33.512Z - info: Environment variables loaded.
2018-11-14T02:54:33.570Z - error: uncaughtException: Cannot find module './utils/seeder.js' date=Tue Nov 13 2018 20:54:33 GMT-0600 (Central Standard Time), pid=75272, uid=null, gid=null, cwd=C:\Users\S533573\Documents\44-563\supersales, execPath=C:\Program Files\nodejs\node.exe, version=v8.12.0, argv=[C:\Program Files\nodejs\node.exe, C:\Users\S533573\Documents\44-563\supersales\app.js], rss=52776960, heapTotal=38699008, heapUsed=23486200, external=18530269, loadavg=[0, 0, 0], uptime=373307.0484369
Error: Cannot find module './utils/seeder.js'
    at Function.Module._resolveFilename (module.js:548:15)
    at Function.Module._load (module.js:475:25)
    at Module.require (module.js:597:17)
    at require (internal/module.js:11:18)
    at Object.<anonymous> (C:\Users\S533573\Documents\44-563\supersales\app.js:87:1)
    at Module._compile (module.js:653:30)
    at Object.Module._extensions..js (module.js:664:10)
    at Module.load (module.js:566:32)
    at tryModuleLoad (module.js:506:12)
    at Function.Module._load (module.js:498:3)
    at Function.Module.runMain (module.js:694:10)
    at startup (bootstrap_node.js:204:16)
    at bootstrap_node.js:625:3
2018-11-14T02:55:09.152Z - info: Environment variables loaded.
2018-11-14T02:55:09.220Z - error: uncaughtException: Cannot find module './utils/seeder.js' date=Tue Nov 13 2018 20:55:09 GMT-0600 (Central Standard Time), pid=73656, uid=null, gid=null, cwd=C:\Users\S533573\Documents\44-563\supersales, execPath=C:\Program Files\nodejs\node.exe, version=v8.12.0, argv=[C:\Program Files\nodejs\node.exe, C:\Users\S533573\Documents\44-563\supersales\app.js], rss=55091200, heapTotal=38699008, heapUsed=21773136, external=18415481, loadavg=[0, 0, 0], uptime=373342.6946772
Error: Cannot find module './utils/seeder.js'
    at Function.Module._resolveFilename (module.js:548:15)
    at Function.Module._load (module.js:475:25)
    at Module.require (module.js:597:17)
    at require (internal/module.js:11:18)
    at Object.<anonymous> (C:\Users\S533573\Documents\44-563\supersales\app.js:87:1)
    at Module._compile (module.js:653:30)
    at Object.Module._extensions..js (module.js:664:10)
    at Module.load (module.js:566:32)
    at tryModuleLoad (module.js:506:12)
    at Function.Module._load (module.js:498:3)
    at Function.Module.runMain (module.js:694:10)
    at startup (bootstrap_node.js:204:16)
    at bootstrap_node.js:625:3
2018-11-14T02:56:25.708Z - info: Environment variables loaded.
2018-11-14T02:56:25.747Z - error: uncaughtException: Cannot find module './utils/seeder.js' date=Tue Nov 13 2018 20:56:25 GMT-0600 (Central Standard Time), pid=75180, uid=null, gid=null, cwd=C:\Users\S533573\Documents\44-563\supersales, execPath=C:\Program Files\nodejs\node.exe, version=v8.12.0, argv=[C:\Program Files\nodejs\node.exe, C:\Users\S533573\Documents\44-563\supersales\app.js], rss=52879360, heapTotal=38174720, heapUsed=23557784, external=18530269, loadavg=[0, 0, 0], uptime=373419.23824
Error: Cannot find module './utils/seeder.js'
    at Function.Module._resolveFilename (module.js:548:15)
    at Function.Module._load (module.js:475:25)
    at Module.require (module.js:597:17)
    at require (internal/module.js:11:18)
    at Object.<anonymous> (C:\Users\S533573\Documents\44-563\supersales\app.js:87:1)
    at Module._compile (module.js:653:30)
    at Object.Module._extensions..js (module.js:664:10)
    at Module.load (module.js:566:32)
    at tryModuleLoad (module.js:506:12)
    at Function.Module._load (module.js:498:3)
    at Function.Module.runMain (module.js:694:10)
    at startup (bootstrap_node.js:204:16)
    at bootstrap_node.js:625:3
2018-11-14T02:57:02.945Z - info: Environment variables loaded.
2018-11-14T02:57:02.983Z - error: uncaughtException: Cannot find module './utils/seeder.js' date=Tue Nov 13 2018 20:57:02 GMT-0600 (Central Standard Time), pid=73920, uid=null, gid=null, cwd=C:\Users\S533573\Documents\44-563\supersales, execPath=C:\Program Files\nodejs\node.exe, version=v8.12.0, argv=[C:\Program Files\nodejs\node.exe, C:\Users\S533573\Documents\44-563\supersales\app.js], rss=56111104, heapTotal=38174720, heapUsed=25432160, external=19216170, loadavg=[0, 0, 0], uptime=373456.4709484
Error: Cannot find module './utils/seeder.js'
    at Function.Module._resolveFilename (module.js:548:15)
    at Function.Module._load (module.js:475:25)
    at Module.require (module.js:597:17)
    at require (internal/module.js:11:18)
    at Object.<anonymous> (C:\Users\S533573\Documents\44-563\supersales\app.js:87:1)
    at Module._compile (module.js:653:30)
    at Object.Module._extensions..js (module.js:664:10)
    at Module.load (module.js:566:32)
    at tryModuleLoad (module.js:506:12)
    at Function.Module._load (module.js:498:3)
    at Function.Module.runMain (module.js:694:10)
    at startup (bootstrap_node.js:204:16)
    at bootstrap_node.js:625:3
2018-11-14T02:58:56.200Z - info: Environment variables loaded.
2018-11-14T02:58:56.298Z - error: uncaughtException: Cannot find module '../data/puppies.json' date=Tue Nov 13 2018 20:58:56 GMT-0600 (Central Standard Time), pid=75860, uid=null, gid=null, cwd=C:\Users\S533573\Documents\44-563\supersales, execPath=C:\Program Files\nodejs\node.exe, version=v8.12.0, argv=[C:\Program Files\nodejs\node.exe, C:\Users\S533573\Documents\44-563\supersales\app.js], rss=55541760, heapTotal=38699008, heapUsed=23366624, external=18616101, loadavg=[0, 0, 0], uptime=373569.7862277
Error: Cannot find module '../data/puppies.json'
    at Function.Module._resolveFilename (module.js:548:15)
    at Function.Module._load (module.js:475:25)
    at Module.require (module.js:597:17)
    at require (internal/module.js:11:18)
    at Object.<anonymous> (C:\Users\S533573\Documents\44-563\supersales\utils\seeder.js:4:17)
    at Module._compile (module.js:653:30)
    at Object.Module._extensions..js (module.js:664:10)
    at Module.load (module.js:566:32)
    at tryModuleLoad (module.js:506:12)
    at Function.Module._load (module.js:498:3)
    at Module.require (module.js:597:17)
    at require (internal/module.js:11:18)
    at Object.<anonymous> (C:\Users\S533573\Documents\44-563\supersales\app.js:87:1)
    at Module._compile (module.js:653:30)
    at Object.Module._extensions..js (module.js:664:10)
    at Module.load (module.js:566:32)
2018-11-14T03:00:02.769Z - error: uncaughtException: Cannot find module '../data/puppies.json' date=Tue Nov 13 2018 21:00:02 GMT-0600 (Central Standard Time), pid=76520, uid=null, gid=null, cwd=C:\Users\S533573\Documents\44-563\supersales, execPath=C:\Program Files\nodejs\node.exe, version=v8.12.0, argv=[C:\Program Files\nodejs\node.exe, C:\Users\S533573\Documents\44-563\supersales\app.js], rss=55525376, heapTotal=37650432, heapUsed=25896264, external=18790338, loadavg=[0, 0, 0], uptime=373636.25418
Error: Cannot find module '../data/puppies.json'
    at Function.Module._resolveFilename (module.js:548:15)
    at Function.Module._load (module.js:475:25)
    at Module.require (module.js:597:17)
    at require (internal/module.js:11:18)
    at Object.<anonymous> (C:\Users\S533573\Documents\44-563\supersales\utils\seeder.js:4:17)
    at Module._compile (module.js:653:30)
    at Object.Module._extensions..js (module.js:664:10)
    at Module.load (module.js:566:32)
    at tryModuleLoad (module.js:506:12)
    at Function.Module._load (module.js:498:3)
    at Module.require (module.js:597:17)
    at require (internal/module.js:11:18)
    at Object.<anonymous> (C:\Users\S533573\Documents\44-563\supersales\app.js:87:1)
    at Module._compile (module.js:653:30)
    at Object.Module._extensions..js (module.js:664:10)
    at Module.load (module.js:566:32)
2018-11-14T03:00:02.676Z - info: Environment variables loaded.
2018-11-14T03:28:34.092Z - info: Environment variables loaded.
2018-11-14T03:28:34.192Z - error: uncaughtException: Cannot find module '../data/puppies.json' date=Tue Nov 13 2018 21:28:34 GMT-0600 (Central Standard Time), pid=77856, uid=null, gid=null, cwd=C:\Users\S533573\Documents\44-563\supersales, execPath=C:\Program Files\nodejs\node.exe, version=v8.12.0, argv=[C:\Program Files\nodejs\node.exe, C:\Users\S533573\Documents\44-563\supersales\app.js], rss=55181312, heapTotal=38174720, heapUsed=24111016, external=18670595, loadavg=[0, 0, 0], uptime=375347.6701593
Error: Cannot find module '../data/puppies.json'
    at Function.Module._resolveFilename (module.js:548:15)
    at Function.Module._load (module.js:475:25)
    at Module.require (module.js:597:17)
    at require (internal/module.js:11:18)
    at Object.<anonymous> (C:\Users\S533573\Documents\44-563\supersales\utils\seeder.js:4:17)
    at Module._compile (module.js:653:30)
    at Object.Module._extensions..js (module.js:664:10)
    at Module.load (module.js:566:32)
    at tryModuleLoad (module.js:506:12)
    at Function.Module._load (module.js:498:3)
    at Module.require (module.js:597:17)
    at require (internal/module.js:11:18)
    at Object.<anonymous> (C:\Users\S533573\Documents\44-563\supersales\app.js:87:1)
    at Module._compile (module.js:653:30)
    at Object.Module._extensions..js (module.js:664:10)
    at Module.load (module.js:566:32)
2018-11-14T03:28:53.469Z - info: Environment variables loaded.
2018-11-14T03:28:53.630Z - error: uncaughtException: Cannot find module '../data/puppies.json' date=Tue Nov 13 2018 21:28:53 GMT-0600 (Central Standard Time), pid=72268, uid=null, gid=null, cwd=C:\Users\S533573\Documents\44-563\supersales, execPath=C:\Program Files\nodejs\node.exe, version=v8.12.0, argv=[C:\Program Files\nodejs\node.exe, C:\Users\S533573\Documents\44-563\supersales\app.js], rss=54554624, heapTotal=38174720, heapUsed=24806280, external=18713144, loadavg=[0, 0, 0], uptime=375367.1021055
Error: Cannot find module '../data/puppies.json'
    at Function.Module._resolveFilename (module.js:548:15)
    at Function.Module._load (module.js:475:25)
    at Module.require (module.js:597:17)
    at require (internal/module.js:11:18)
    at Object.<anonymous> (C:\Users\S533573\Documents\44-563\supersales\utils\seeder.js:4:17)
    at Module._compile (module.js:653:30)
    at Object.Module._extensions..js (module.js:664:10)
    at Module.load (module.js:566:32)
    at tryModuleLoad (module.js:506:12)
    at Function.Module._load (module.js:498:3)
    at Module.require (module.js:597:17)
    at require (internal/module.js:11:18)
    at Object.<anonymous> (C:\Users\S533573\Documents\44-563\supersales\app.js:87:1)
    at Module._compile (module.js:653:30)
    at Object.Module._extensions..js (module.js:664:10)
    at Module.load (module.js:566:32)
2018-11-14T03:34:14.055Z - info: Environment variables loaded.
2018-11-14T03:34:14.090Z - info: START seeder.
2018-11-14T03:34:14.094Z - debug: 5 product seeded
2018-11-14T03:34:14.095Z - debug: 5 order seeded
2018-11-14T03:34:14.097Z - debug: 5 customer seeded
2018-11-14T03:34:14.099Z - debug: 5 Order Line seeded
2018-11-14T03:34:14.099Z - info: END Seeder. Sample data read and verified.
2018-11-14T03:34:34.492Z - info: Environment variables loaded.
2018-11-14T03:34:34.561Z - info: START seeder.
2018-11-14T03:34:34.568Z - debug: 5 product seeded
2018-11-14T03:34:34.572Z - debug: 5 order seeded
2018-11-14T03:34:34.575Z - debug: 5 customer seeded
2018-11-14T03:34:34.578Z - debug: 5 Order Line seeded
2018-11-14T03:34:34.580Z - info: END Seeder. Sample data read and verified.
2018-11-14T03:34:53.080Z - info: Environment variables loaded.
2018-11-14T03:34:53.121Z - info: START seeder.
2018-11-14T03:34:53.124Z - debug: 5 product seeded
2018-11-14T03:34:53.126Z - debug: 5 order seeded
2018-11-14T03:34:53.128Z - debug: 5 customer seeded
2018-11-14T03:34:53.130Z - debug: 5 Order Line seeded
2018-11-14T03:34:53.130Z - info: END Seeder. Sample data read and verified.
2018-11-14T03:37:40.051Z - info: Environment variables loaded.
2018-11-14T03:37:40.112Z - info: START seeder.
2018-11-14T03:37:40.119Z - debug: 5 product seeded
2018-11-14T03:37:40.123Z - debug: 5 order seeded
2018-11-14T03:37:40.126Z - debug: 5 customer seeded
2018-11-14T03:37:40.129Z - debug: 5 Order Line seeded
2018-11-14T03:37:40.130Z - info: END Seeder. Sample data read and verified.
2018-11-14T04:01:28.525Z - info: Environment variables loaded.
2018-11-14T04:01:28.570Z - info: START seeder.
2018-11-14T04:01:28.575Z - debug: 5 product seeded
2018-11-14T04:01:28.577Z - debug: 5 order seeded
2018-11-14T04:01:28.579Z - debug: 5 customer seeded
2018-11-14T04:01:28.581Z - debug: 5 Order Line seeded
2018-11-14T04:01:28.582Z - info: END Seeder. Sample data read and verified.
2018-11-16T00:38:23.463Z - info: Environment variables loaded.
2018-11-16T00:38:23.536Z - info: START seeder.
2018-11-16T00:38:23.543Z - debug: 5 product seeded
2018-11-16T00:38:23.545Z - debug: 5 order seeded
2018-11-16T00:38:23.549Z - debug: 5 customer seeded
2018-11-16T00:38:23.552Z - debug: 5 Order Line seeded
2018-11-16T00:38:23.552Z - info: END Seeder. Sample data read and verified.
2018-11-16T00:39:02.877Z - info: Environment variables loaded.
2018-11-16T00:39:02.924Z - info: START seeder.
2018-11-16T00:39:02.932Z - debug: 5 product seeded
2018-11-16T00:39:02.934Z - debug: 5 order seeded
2018-11-16T00:39:02.936Z - debug: 5 customer seeded
2018-11-16T00:39:02.939Z - debug: 5 Order Line seeded
2018-11-16T00:39:02.939Z - info: END Seeder. Sample data read and verified.
